<?xml version="1.0" encoding="UTF-8"?>
<!-- Generated by org.testng.reporters.JUnitReportReporter -->
<testsuite skipped="0" hostname="LAPTOP-IRMRPJ1B" name="testNGSession.TestNGThreads" tests="3" failures="0" timestamp="2023-05-30T19:40:26 EDT" time="0.024" errors="0">
  <testcase name="testMethod" time="0.005" classname="testNGSession.TestNGThreads"/>
  <testcase name="homePageTest" time="0.014" classname="testNGSession.TestNGThreads"/>
  <testcase name="testMethod" time="0.005" classname="testNGSession.TestNGThreads"/>
</testsuite> <!-- testNGSession.TestNGThreads -->
