<?xml version="1.0" encoding="UTF-8"?>
<!-- Generated by org.testng.reporters.JUnitReportReporter -->
<testsuite hostname="LAPTOP-IRMRPJ1B" failures="0" tests="3" name="testNGSession.testNGAnnotations" time="0.023" errors="0" timestamp="2023-05-25T10:05:36 EDT" skipped="0">
  <testcase classname="testNGSession.testNGAnnotations" name="addToCartTest" time="0.015"/>
  <testcase classname="testNGSession.testNGAnnotations" name="doPaymentTest" time="0.005"/>
  <testcase classname="testNGSession.testNGAnnotations" name="doSearchTest" time="0.003"/>
</testsuite> <!-- testNGSession.testNGAnnotations -->
