<?xml version="1.0" encoding="UTF-8"?>
<!-- Generated by org.testng.reporters.JUnitReportReporter -->
<testsuite hostname="LAPTOP-IRMRPJ1B" failures="0" tests="5" name="testNGSession.testCasesPriority" time="0.054" errors="0" timestamp="2023-05-09T10:56:13 EDT" skipped="0">
  <testcase classname="testNGSession.testCasesPriority" name="aTest" time="0.040"/>
  <testcase classname="testNGSession.testCasesPriority" name="doPaymentTest" time="0.004"/>
  <testcase classname="testNGSession.testCasesPriority" name="bTest" time="0.003"/>
  <testcase classname="testNGSession.testCasesPriority" name="doSearchTest" time="0.003"/>
  <testcase classname="testNGSession.testCasesPriority" name="addToCartTest" time="0.004"/>
</testsuite> <!-- testNGSession.testCasesPriority -->
